GDS input file passed, running in LVS mode
No explicit top cell specified, using top cell 'inv'
LVS input schematic not specified (argument --schematic), using dummy schematic
Calling MAGIC
magic -dnull -noconsole -rcfile /home/ic_design_trg/pdk/ihp-sg13g2/libs.tech/magic/ihp-sg13g2.magicrc output/inv__inv/magic_CC/inv_MAGIC_CC_Script.tcl, output file: output/inv__inv/magic_CC/inv_MAGIC_CC_Output.txt

Magic 8.3 revision 585 - Compiled on Friday 26 December 2025 09:42:32 PM IST.
Starting magic under Tcl interpreter
Using the terminal as the console.
Using NULL graphics device.
Processing system .magicrc file
Switching to WIRING tool.
Switching to NETLIST tool.
Switching to PICK tool.
Switching to BOX tool.
Sourcing design .magicrc for technology ihp-sg13g2 ...
2 Magic internal units = 1 Lambda
Input style sg13g2(): scaleFactor=2, multiplier=2
The following types are not handled by extraction and will be treated as non-electrical types:
    fillfet sealcont difffill nemitter hvnemitter hvisodiffres sealvia1 sealvia2 sealvia3 sealvia4 sealvia5 sealvia6 pad seal thruvia 
Scaled tech values by 2 / 1 to match internal grid scaling
Loading "output/inv__inv/magic_CC/inv_MAGIC_CC_Script.tcl" from command line.
Warning: Calma reading is not undoable!  I hope that's OK.
Library written using GDS-II Release 6.0
Library name: LIB
Reading "$$$CONTEXT_INFO$$$".
Reading "via_stack".
Reading "nmos".
Reading "pmos".
Reading "via_stack$2".
Reading "inv".
Extracting inv into /home/ic_design_trg/lna_ihp/klayout/output/inv__inv/magic_CC/inv.ext:
exttospice finished.
MAGIC succeeded after 0.1383s
Report DB saved at: output/inv__inv/magic_CC/inv_MAGIC_report.rdb.gz
SPICE netlist saved at: output/inv__inv/magic_CC/inv.pex.spice
* NGSPICE file created from inv.ext - technology: ihp-sg13g2

.subckt inv vss vdd inp out
X0 out a_3738_6669# vdd vdd sg13_lv_pmos ad=0.34p pd=2.68u as=0.34p ps=2.68u w=1u l=0.72u
X1 out a_3738_5898# vss vss sg13_lv_nmos ad=0.34p pd=2.68u as=0.34p ps=2.68u w=1u l=0.72u
C0 out a_3738_6669# 0.02815f
C1 inp out 0.38703f
C2 out vdd 0.28857f
C3 a_3738_5898# out 0.02655f
C4 inp a_3738_6669# 0.05408f
C5 a_3738_6669# vdd 0.23589f
C6 inp vdd 0.30664f
C7 inp a_3738_5898# 0.05348f
C8 inp vss 0.4191f
C9 out vss 0.68555f
C10 vdd vss 0.55752f
C11 a_3738_5898# vss 0.35657f $ **FLOATING
C12 a_3738_6669# vss 0.11929f $ **FLOATING
.ends

