# Logfile created on 2025-12-26 19:34:57 +0530 by logger.rb/v1.4.3
2025-12-26 19:34:57 +0530: Memory Usage (429636K) : Starting running IHP-SG13G2 KLayout DRC runset on /home/ic_design_trg/lna_ihp/klayout/inv.gds
2025-12-26 19:34:57 +0530: Memory Usage (429636K) : Ruby Version for klayout: 3.0.2
2025-12-26 19:34:57 +0530: Memory Usage (431044K) : Loading database to memory is complete.
2025-12-26 19:34:57 +0530: Memory Usage (431044K) : IHP-SG13G2 KLayout DRC runset output at: /home/ic_design_trg/lna_ihp/klayout/drc_run_inv/inv_inv_main.lyrdb
2025-12-26 19:34:57 +0530: Memory Usage (431172K) : Evaluate switches.
2025-12-26 19:34:57 +0530: Memory Usage (431172K) : tables selected: main
2025-12-26 19:34:57 +0530: Memory Usage (431172K) : KLayout will use 1 thread(s) in tiled mode.
2025-12-26 19:34:57 +0530: Memory Usage (431172K) : deep mode is enabled.
2025-12-26 19:34:57 +0530: Memory Usage (431172K) : FEOL enabled: true
2025-12-26 19:34:57 +0530: Memory Usage (431172K) : BEOL enabled: true
2025-12-26 19:34:57 +0530: Memory Usage (431172K) : OFFGRID enabled: false
2025-12-26 19:34:57 +0530: Memory Usage (431172K) : PIN enabled: true
2025-12-26 19:34:57 +0530: Memory Usage (431172K) : FORBIDDEN enabled: true
2025-12-26 19:34:57 +0530: Memory Usage (431172K) : RECOMMENDED enabled: true
2025-12-26 19:34:57 +0530: Memory Usage (431172K) : PreCheck DRC enabled: false
2025-12-26 19:34:57 +0530: Memory Usage (431172K) : CONNECTIVITY_RULES enabled: true.
2025-12-26 19:34:57 +0530: Memory Usage (431172K) : Read in polygons from layers.
2025-12-26 19:34:57 +0530: Memory Usage (432452K) : activ_drw has 12 polygons
2025-12-26 19:34:57 +0530: Memory Usage (432452K) : activ_pin has 0 polygons
2025-12-26 19:34:57 +0530: Memory Usage (432452K) : activ_mask has 0 polygons
2025-12-26 19:34:57 +0530: Memory Usage (432452K) : activ_filler has 0 polygons
2025-12-26 19:34:57 +0530: Memory Usage (432452K) : activ_nofill has 0 polygons
2025-12-26 19:34:57 +0530: Memory Usage (432452K) : activ_opc has 0 polygons
2025-12-26 19:34:57 +0530: Memory Usage (432452K) : activ_iopc has 0 polygons
2025-12-26 19:34:57 +0530: Memory Usage (432452K) : activ_noqrc has 0 polygons
2025-12-26 19:34:57 +0530: Memory Usage (432452K) : biwind_drw has 0 polygons
2025-12-26 19:34:57 +0530: Memory Usage (432452K) : biwind_opc has 0 polygons
2025-12-26 19:34:57 +0530: Memory Usage (432452K) : pemwind_drw has 0 polygons
2025-12-26 19:34:57 +0530: Memory Usage (432452K) : gatpoly_drw has 5 polygons
2025-12-26 19:34:57 +0530: Memory Usage (432452K) : gatpoly_pin has 1 polygons
2025-12-26 19:34:57 +0530: Memory Usage (432580K) : gatpoly_filler has 0 polygons
2025-12-26 19:34:57 +0530: Memory Usage (432580K) : gatpoly_nofill has 0 polygons
2025-12-26 19:34:57 +0530: Memory Usage (432580K) : gatpoly_opc has 0 polygons
2025-12-26 19:34:57 +0530: Memory Usage (432580K) : gatpoly_iopc has 0 polygons
2025-12-26 19:34:57 +0530: Memory Usage (432580K) : gatpoly_noqrc has 0 polygons
2025-12-26 19:34:57 +0530: Memory Usage (432708K) : cont_drw has 320 polygons
2025-12-26 19:34:57 +0530: Memory Usage (432708K) : cont_opc has 0 polygons
2025-12-26 19:34:57 +0530: Memory Usage (432708K) : nsd_drw has 0 polygons
2025-12-26 19:34:57 +0530: Memory Usage (432708K) : nsd_block has 0 polygons
2025-12-26 19:34:57 +0530: Memory Usage (432708K) : metal1_drw has 23 polygons
2025-12-26 19:34:57 +0530: Memory Usage (432708K) : metal1_pin has 4 polygons
2025-12-26 19:34:57 +0530: Memory Usage (432708K) : metal1_mask has 0 polygons
2025-12-26 19:34:57 +0530: Memory Usage (432708K) : metal1_filler has 0 polygons
2025-12-26 19:34:57 +0530: Memory Usage (432708K) : metal1_nofill has 0 polygons
2025-12-26 19:34:57 +0530: Memory Usage (432708K) : metal1_slit has 0 polygons
2025-12-26 19:34:57 +0530: Memory Usage (432836K) : metal1_text has 0 polygons
2025-12-26 19:34:57 +0530: Memory Usage (432836K) : metal1_opc has 0 polygons
2025-12-26 19:34:57 +0530: Memory Usage (432836K) : metal1_noqrc has 0 polygons
2025-12-26 19:34:57 +0530: Memory Usage (432836K) : metal1_res has 0 polygons
2025-12-26 19:34:57 +0530: Memory Usage (432836K) : metal1_iprobe has 0 polygons
2025-12-26 19:34:57 +0530: Memory Usage (432964K) : metal1_diffprb has 0 polygons
2025-12-26 19:34:57 +0530: Memory Usage (433092K) : passiv_drw has 0 polygons
2025-12-26 19:34:57 +0530: Memory Usage (433092K) : passiv_pin has 0 polygons
2025-12-26 19:34:57 +0530: Memory Usage (433220K) : passiv_sbump has 0 polygons
2025-12-26 19:34:57 +0530: Memory Usage (433220K) : passiv_pillar has 0 polygons
2025-12-26 19:34:57 +0530: Memory Usage (433348K) : passiv_pdl has 0 polygons
2025-12-26 19:34:57 +0530: Memory Usage (433348K) : metal2_drw has 8 polygons
2025-12-26 19:34:57 +0530: Memory Usage (433476K) : metal2_pin has 2 polygons
2025-12-26 19:34:57 +0530: Memory Usage (433476K) : metal2_mask has 0 polygons
2025-12-26 19:34:57 +0530: Memory Usage (433604K) : metal2_filler has 0 polygons
2025-12-26 19:34:57 +0530: Memory Usage (433604K) : metal2_nofill has 0 polygons
2025-12-26 19:34:57 +0530: Memory Usage (433732K) : metal2_slit has 0 polygons
2025-12-26 19:34:57 +0530: Memory Usage (433732K) : metal2_text has 0 polygons
2025-12-26 19:34:57 +0530: Memory Usage (433860K) : metal2_opc has 0 polygons
2025-12-26 19:34:57 +0530: Memory Usage (433860K) : metal2_noqrc has 0 polygons
2025-12-26 19:34:57 +0530: Memory Usage (433860K) : metal2_res has 0 polygons
2025-12-26 19:34:57 +0530: Memory Usage (433988K) : metal2_iprobe has 0 polygons
2025-12-26 19:34:57 +0530: Memory Usage (433988K) : metal2_diffprb has 0 polygons
2025-12-26 19:34:57 +0530: Memory Usage (434116K) : baspoly_drw has 0 polygons
2025-12-26 19:34:57 +0530: Memory Usage (434116K) : baspoly_pin has 0 polygons
2025-12-26 19:34:57 +0530: Memory Usage (434244K) : psd_drw has 5 polygons
2025-12-26 19:34:57 +0530: Memory Usage (434244K) : nldb_drw has 0 polygons
2025-12-26 19:34:57 +0530: Memory Usage (434372K) : digibnd_drw has 0 polygons
2025-12-26 19:34:57 +0530: Memory Usage (434372K) : via1_drw has 10 polygons
2025-12-26 19:34:57 +0530: Memory Usage (434500K) : backmetal1_drw has 0 polygons
2025-12-26 19:34:57 +0530: Memory Usage (434500K) : backmetal1_pin has 0 polygons
2025-12-26 19:34:57 +0530: Memory Usage (434628K) : backmetal1_mask has 0 polygons
2025-12-26 19:34:57 +0530: Memory Usage (434628K) : backmetal1_filler has 0 polygons
2025-12-26 19:34:57 +0530: Memory Usage (434756K) : backmetal1_nofill has 0 polygons
2025-12-26 19:34:57 +0530: Memory Usage (434756K) : backmetal1_slit has 0 polygons
2025-12-26 19:34:57 +0530: Memory Usage (434884K) : backmetal1_text has 0 polygons
2025-12-26 19:34:57 +0530: Memory Usage (434884K) : backmetal1_opc has 0 polygons
2025-12-26 19:34:57 +0530: Memory Usage (435012K) : backmetal1_noqrc has 0 polygons
2025-12-26 19:34:57 +0530: Memory Usage (435012K) : backmetal1_res has 0 polygons
2025-12-26 19:34:57 +0530: Memory Usage (435140K) : backmetal1_iprobe has 0 polygons
2025-12-26 19:34:57 +0530: Memory Usage (435140K) : backmetal1_diffprb has 0 polygons
2025-12-26 19:34:57 +0530: Memory Usage (435268K) : backpassiv_drw has 0 polygons
2025-12-26 19:34:57 +0530: Memory Usage (435268K) : res_drw has 0 polygons
2025-12-26 19:34:57 +0530: Memory Usage (435396K) : sram_drw has 0 polygons
2025-12-26 19:34:57 +0530: Memory Usage (435396K) : trans_drw has 0 polygons
2025-12-26 19:34:57 +0530: Memory Usage (435524K) : ind_drw has 0 polygons
2025-12-26 19:34:57 +0530: Memory Usage (435524K) : ind_pin has 0 polygons
2025-12-26 19:34:57 +0530: Memory Usage (435652K) : ind_text has 0 polygons
2025-12-26 19:34:57 +0530: Memory Usage (435652K) : salblock_drw has 0 polygons
2025-12-26 19:34:57 +0530: Memory Usage (435780K) : via2_drw has 0 polygons
2025-12-26 19:34:57 +0530: Memory Usage (435780K) : metal3_drw has 0 polygons
2025-12-26 19:34:57 +0530: Memory Usage (435908K) : metal3_pin has 0 polygons
2025-12-26 19:34:57 +0530: Memory Usage (435908K) : metal3_mask has 0 polygons
2025-12-26 19:34:57 +0530: Memory Usage (436036K) : metal3_filler has 0 polygons
2025-12-26 19:34:57 +0530: Memory Usage (436036K) : metal3_nofill has 0 polygons
2025-12-26 19:34:57 +0530: Memory Usage (436164K) : metal3_slit has 0 polygons
2025-12-26 19:34:57 +0530: Memory Usage (436164K) : metal3_text has 0 polygons
2025-12-26 19:34:57 +0530: Memory Usage (436292K) : metal3_opc has 0 polygons
2025-12-26 19:34:57 +0530: Memory Usage (436292K) : metal3_noqrc has 0 polygons
2025-12-26 19:34:57 +0530: Memory Usage (436420K) : metal3_res has 0 polygons
2025-12-26 19:34:57 +0530: Memory Usage (436420K) : metal3_iprobe has 0 polygons
2025-12-26 19:34:57 +0530: Memory Usage (436548K) : metal3_diffprb has 0 polygons
2025-12-26 19:34:57 +0530: Memory Usage (436548K) : nwell_drw has 2 polygons
2025-12-26 19:34:57 +0530: Memory Usage (436676K) : nwell_pin has 0 polygons
2025-12-26 19:34:57 +0530: Memory Usage (436676K) : nbulay_drw has 0 polygons
2025-12-26 19:34:57 +0530: Memory Usage (436804K) : nbulay_pin has 0 polygons
2025-12-26 19:34:57 +0530: Memory Usage (436804K) : nbulay_block has 0 polygons
2025-12-26 19:34:57 +0530: Memory Usage (436804K) : emwind_drw has 0 polygons
2025-12-26 19:34:57 +0530: Memory Usage (436932K) : emwind_opc has 0 polygons
2025-12-26 19:34:57 +0530: Memory Usage (436932K) : deepco_drw has 0 polygons
2025-12-26 19:34:57 +0530: Memory Usage (437060K) : deepco_drw has 0 polygons
2025-12-26 19:34:57 +0530: Memory Usage (437060K) : mim_drw has 0 polygons
2025-12-26 19:34:57 +0530: Memory Usage (437188K) : edgeseal_drw has 0 polygons
2025-12-26 19:34:57 +0530: Memory Usage (437188K) : edgeseal_bound has 0 polygons
2025-12-26 19:34:57 +0530: Memory Usage (437316K) : substrate_drw has 1 polygons
2025-12-26 19:34:57 +0530: Memory Usage (437316K) : substrate_text has 0 polygons
2025-12-26 19:34:57 +0530: Memory Usage (437444K) : dfpad_drw has 0 polygons
2025-12-26 19:34:57 +0530: Memory Usage (437444K) : dfpad_pillar has 0 polygons
2025-12-26 19:34:57 +0530: Memory Usage (437572K) : dfpad_sbump has 0 polygons
2025-12-26 19:34:57 +0530: Memory Usage (437572K) : thickgateox_drw has 0 polygons
2025-12-26 19:34:57 +0530: Memory Usage (437700K) : pldb_drw has 0 polygons
2025-12-26 19:34:57 +0530: Memory Usage (437700K) : pwell_drw has 0 polygons
2025-12-26 19:34:57 +0530: Memory Usage (437828K) : pwell_pin has 0 polygons
2025-12-26 19:34:57 +0530: Memory Usage (437828K) : pwell_block has 0 polygons
2025-12-26 19:34:57 +0530: Memory Usage (437956K) : ic_drw has 0 polygons
2025-12-26 19:34:57 +0530: Memory Usage (437956K) : via3_drw has 0 polygons
2025-12-26 19:34:57 +0530: Memory Usage (438084K) : metal4_drw has 0 polygons
2025-12-26 19:34:57 +0530: Memory Usage (438084K) : metal4_pin has 0 polygons
2025-12-26 19:34:57 +0530: Memory Usage (438212K) : metal4_mask has 0 polygons
2025-12-26 19:34:57 +0530: Memory Usage (438212K) : metal4_filler has 0 polygons
2025-12-26 19:34:57 +0530: Memory Usage (438212K) : metal4_nofill has 0 polygons
2025-12-26 19:34:57 +0530: Memory Usage (438340K) : metal4_slit has 0 polygons
2025-12-26 19:34:57 +0530: Memory Usage (438340K) : metal4_text has 0 polygons
2025-12-26 19:34:57 +0530: Memory Usage (438468K) : metal4_opc has 0 polygons
2025-12-26 19:34:57 +0530: Memory Usage (438468K) : metal4_noqrc has 0 polygons
2025-12-26 19:34:57 +0530: Memory Usage (438596K) : metal4_res has 0 polygons
2025-12-26 19:34:57 +0530: Memory Usage (438596K) : metal4_iprobe has 0 polygons
2025-12-26 19:34:57 +0530: Memory Usage (438724K) : metal4_diffprb has 0 polygons
2025-12-26 19:34:57 +0530: Memory Usage (438852K) : heattrans_drw has 2 polygons
2025-12-26 19:34:57 +0530: Memory Usage (438852K) : heatres_drw has 0 polygons
2025-12-26 19:34:57 +0530: Memory Usage (438980K) : pempoly_drw has 0 polygons
2025-12-26 19:34:57 +0530: Memory Usage (438980K) : fbe_drw has 0 polygons
2025-12-26 19:34:57 +0530: Memory Usage (439108K) : empoly_drw has 0 polygons
2025-12-26 19:34:57 +0530: Memory Usage (439108K) : ldmos_drw has 0 polygons
2025-12-26 19:34:57 +0530: Memory Usage (439236K) : pbiwind_drw has 0 polygons
2025-12-26 19:34:57 +0530: Memory Usage (439236K) : digisub_drw has 0 polygons
2025-12-26 19:34:57 +0530: Memory Usage (439364K) : nodrc_drw has 0 polygons
2025-12-26 19:34:57 +0530: Memory Usage (439492K) : text_drw has 2 polygons
2025-12-26 19:34:57 +0530: Memory Usage (439620K) : via4_drw has 0 polygons
2025-12-26 19:34:57 +0530: Memory Usage (439620K) : metal5_drw has 0 polygons
2025-12-26 19:34:57 +0530: Memory Usage (439748K) : metal5_pin has 0 polygons
2025-12-26 19:34:57 +0530: Memory Usage (439748K) : metal5_mask has 0 polygons
2025-12-26 19:34:57 +0530: Memory Usage (439876K) : metal5_filler has 0 polygons
2025-12-26 19:34:57 +0530: Memory Usage (439876K) : metal5_nofill has 0 polygons
2025-12-26 19:34:57 +0530: Memory Usage (439876K) : metal5_slit has 0 polygons
2025-12-26 19:34:57 +0530: Memory Usage (440004K) : metal5_text has 0 polygons
2025-12-26 19:34:57 +0530: Memory Usage (440004K) : metal5_opc has 0 polygons
2025-12-26 19:34:57 +0530: Memory Usage (440132K) : metal5_noqrc has 0 polygons
2025-12-26 19:34:57 +0530: Memory Usage (440132K) : metal5_res has 0 polygons
2025-12-26 19:34:57 +0530: Memory Usage (440260K) : metal5_iprobe has 0 polygons
2025-12-26 19:34:57 +0530: Memory Usage (440260K) : metal5_diffprb has 0 polygons
2025-12-26 19:34:57 +0530: Memory Usage (440388K) : radhard_drw has 0 polygons
2025-12-26 19:34:57 +0530: Memory Usage (440388K) : memcap_drw has 0 polygons
2025-12-26 19:34:57 +0530: Memory Usage (440516K) : varicap_drw has 0 polygons
2025-12-26 19:34:57 +0530: Memory Usage (440516K) : flash_drw has 0 polygons
2025-12-26 19:34:57 +0530: Memory Usage (440644K) : intbondvia_drw has 0 polygons
2025-12-26 19:34:57 +0530: Memory Usage (440644K) : intbondmet_drw has 0 polygons
2025-12-26 19:34:57 +0530: Memory Usage (440772K) : devbondvia_drw has 0 polygons
2025-12-26 19:34:57 +0530: Memory Usage (440772K) : devbondmet_drw has 0 polygons
2025-12-26 19:34:57 +0530: Memory Usage (440900K) : devtrench_drw has 0 polygons
2025-12-26 19:34:57 +0530: Memory Usage (440900K) : redist_drw has 0 polygons
2025-12-26 19:34:57 +0530: Memory Usage (441028K) : graphbot_drw has 0 polygons
2025-12-26 19:34:57 +0530: Memory Usage (441156K) : graphtop_drw has 0 polygons
2025-12-26 19:34:57 +0530: Memory Usage (441156K) : antvia1_drw has 0 polygons
2025-12-26 19:34:57 +0530: Memory Usage (441284K) : antmetal2_drw has 0 polygons
2025-12-26 19:34:57 +0530: Memory Usage (441284K) : graphcont_drw has 0 polygons
2025-12-26 19:34:57 +0530: Memory Usage (441412K) : siwg_drw has 0 polygons
2025-12-26 19:34:57 +0530: Memory Usage (441412K) : siwg_filler has 0 polygons
2025-12-26 19:34:57 +0530: Memory Usage (441412K) : siwg_nofill has 0 polygons
2025-12-26 19:34:57 +0530: Memory Usage (441412K) : sigrating_drw has 0 polygons
2025-12-26 19:34:57 +0530: Memory Usage (441540K) : singrating_drw has 0 polygons
2025-12-26 19:34:57 +0530: Memory Usage (441540K) : graphpas_drw has 0 polygons
2025-12-26 19:34:57 +0530: Memory Usage (441668K) : emwind3_drw has 0 polygons
2025-12-26 19:34:57 +0530: Memory Usage (441668K) : emwihv3_drw has 0 polygons
2025-12-26 19:34:57 +0530: Memory Usage (441796K) : redbulay_drw has 0 polygons
2025-12-26 19:34:57 +0530: Memory Usage (441796K) : smos_drw has 0 polygons
2025-12-26 19:34:57 +0530: Memory Usage (441924K) : graphpad_drw has 0 polygons
2025-12-26 19:34:57 +0530: Memory Usage (441924K) : polimide_drw has 0 polygons
2025-12-26 19:34:57 +0530: Memory Usage (442052K) : polimide_pin has 0 polygons
2025-12-26 19:34:57 +0530: Memory Usage (442052K) : recog_drw has 0 polygons
2025-12-26 19:34:57 +0530: Memory Usage (442180K) : recog_pin has 0 polygons
2025-12-26 19:34:57 +0530: Memory Usage (442308K) : recog_esd has 0 polygons
2025-12-26 19:34:57 +0530: Memory Usage (442308K) : recog_diode has 0 polygons
2025-12-26 19:34:57 +0530: Memory Usage (442436K) : recog_tsv has 0 polygons
2025-12-26 19:34:57 +0530: Memory Usage (442436K) : recog_iprobe has 0 polygons
2025-12-26 19:34:57 +0530: Memory Usage (442564K) : recog_diffprb has 0 polygons
2025-12-26 19:34:57 +0530: Memory Usage (442564K) : recog_pillar has 0 polygons
2025-12-26 19:34:57 +0530: Memory Usage (442692K) : recog_sbump has 0 polygons
2025-12-26 19:34:57 +0530: Memory Usage (442692K) : recog_otp has 0 polygons
2025-12-26 19:34:57 +0530: Memory Usage (442820K) : recog_pdiode has 0 polygons
2025-12-26 19:34:57 +0530: Memory Usage (442820K) : recog_mom has 0 polygons
2025-12-26 19:34:57 +0530: Memory Usage (442948K) : recog_pcm has 0 polygons
2025-12-26 19:34:57 +0530: Memory Usage (442948K) : colopen_drw has 0 polygons
2025-12-26 19:34:57 +0530: Memory Usage (443076K) : graphmetal1_drw has 0 polygons
2025-12-26 19:34:57 +0530: Memory Usage (443076K) : graphmetal1_filler has 0 polygons
2025-12-26 19:34:57 +0530: Memory Usage (443204K) : graphmetal1_nofill has 0 polygons
2025-12-26 19:34:57 +0530: Memory Usage (443204K) : graphmetal1_slit has 0 polygons
2025-12-26 19:34:57 +0530: Memory Usage (443332K) : graphmetal1_opc has 0 polygons
2025-12-26 19:34:57 +0530: Memory Usage (443332K) : graphmet1l_drw has 0 polygons
2025-12-26 19:34:57 +0530: Memory Usage (443460K) : graphmet1l_filler has 0 polygons
2025-12-26 19:34:57 +0530: Memory Usage (443460K) : graphmet1l_nofill has 0 polygons
2025-12-26 19:34:57 +0530: Memory Usage (443588K) : graphmet1l_slit has 0 polygons
2025-12-26 19:34:57 +0530: Memory Usage (443588K) : graphmet1l_opc has 0 polygons
2025-12-26 19:34:57 +0530: Memory Usage (443716K) : extblock_drw has 0 polygons
2025-12-26 19:34:57 +0530: Memory Usage (443716K) : nldd_drw has 0 polygons
2025-12-26 19:34:57 +0530: Memory Usage (443844K) : pldd_drw has 0 polygons
2025-12-26 19:34:57 +0530: Memory Usage (443844K) : next_drw has 0 polygons
2025-12-26 19:34:57 +0530: Memory Usage (443972K) : pext_drw has 0 polygons
2025-12-26 19:34:57 +0530: Memory Usage (443972K) : nexthv_drw has 0 polygons
2025-12-26 19:34:57 +0530: Memory Usage (444100K) : pexthv_drw has 0 polygons
2025-12-26 19:34:57 +0530: Memory Usage (444100K) : graphgate_drw has 0 polygons
2025-12-26 19:34:57 +0530: Memory Usage (444228K) : sinwg_drw has 0 polygons
2025-12-26 19:34:57 +0530: Memory Usage (444356K) : sinwg_filler has 0 polygons
2025-12-26 19:34:57 +0530: Memory Usage (444356K) : sinwg_nofill has 0 polygons
2025-12-26 19:34:57 +0530: Memory Usage (444484K) : mempad_drw has 0 polygons
2025-12-26 19:34:57 +0530: Memory Usage (444484K) : topvia1_drw has 0 polygons
2025-12-26 19:34:57 +0530: Memory Usage (444612K) : topmetal1_drw has 0 polygons
2025-12-26 19:34:57 +0530: Memory Usage (444612K) : topmetal1_pin has 0 polygons
2025-12-26 19:34:57 +0530: Memory Usage (444740K) : topmetal1_mask has 0 polygons
2025-12-26 19:34:57 +0530: Memory Usage (444740K) : topmetal1_filler has 0 polygons
2025-12-26 19:34:57 +0530: Memory Usage (444868K) : topmetal1_nofill has 0 polygons
2025-12-26 19:34:57 +0530: Memory Usage (444868K) : topmetal1_slit has 0 polygons
2025-12-26 19:34:57 +0530: Memory Usage (444996K) : topmetal1_text has 0 polygons
2025-12-26 19:34:57 +0530: Memory Usage (444996K) : topmetal1_noqrc has 0 polygons
2025-12-26 19:34:57 +0530: Memory Usage (445124K) : topmetal1_res has 0 polygons
2025-12-26 19:34:57 +0530: Memory Usage (445124K) : topmetal1_iprobe has 0 polygons
2025-12-26 19:34:57 +0530: Memory Usage (445252K) : topmetal1_diffprb has 0 polygons
2025-12-26 19:34:57 +0530: Memory Usage (445252K) : inldpwl_drw has 0 polygons
2025-12-26 19:34:57 +0530: Memory Usage (445380K) : polyres_drw has 0 polygons
2025-12-26 19:34:57 +0530: Memory Usage (445380K) : polyres_pin has 0 polygons
2025-12-26 19:34:57 +0530: Memory Usage (445508K) : vmim_drw has 0 polygons
2025-12-26 19:34:57 +0530: Memory Usage (445508K) : nbulaycut_drw has 0 polygons
2025-12-26 19:34:57 +0530: Memory Usage (445636K) : antmetal1_drw has 0 polygons
2025-12-26 19:34:57 +0530: Memory Usage (445636K) : topvia2_drw has 0 polygons
2025-12-26 19:34:57 +0530: Memory Usage (445764K) : topmetal2_drw has 0 polygons
2025-12-26 19:34:57 +0530: Memory Usage (445764K) : topmetal2_pin has 0 polygons
2025-12-26 19:34:57 +0530: Memory Usage (445892K) : topmetal2_mask has 0 polygons
2025-12-26 19:34:57 +0530: Memory Usage (445892K) : topmetal2_filler has 0 polygons
2025-12-26 19:34:57 +0530: Memory Usage (446020K) : topmetal2_nofill has 0 polygons
2025-12-26 19:34:57 +0530: Memory Usage (446020K) : topmetal2_slit has 0 polygons
2025-12-26 19:34:57 +0530: Memory Usage (446148K) : topmetal2_text has 0 polygons
2025-12-26 19:34:57 +0530: Memory Usage (446148K) : topmetal2_noqrc has 0 polygons
2025-12-26 19:34:57 +0530: Memory Usage (446276K) : topmetal2_res has 0 polygons
2025-12-26 19:34:57 +0530: Memory Usage (446276K) : topmetal2_iprobe has 0 polygons
2025-12-26 19:34:57 +0530: Memory Usage (446404K) : topmetal2_diffprb has 0 polygons
2025-12-26 19:34:57 +0530: Memory Usage (446404K) : snsring_drw has 0 polygons
2025-12-26 19:34:57 +0530: Memory Usage (446532K) : sensor_drw has 0 polygons
2025-12-26 19:34:57 +0530: Memory Usage (446532K) : snsarms_drw has 0 polygons
2025-12-26 19:34:57 +0530: Memory Usage (446660K) : snscmosvia_drw has 0 polygons
2025-12-26 19:34:57 +0530: Memory Usage (446660K) : colwind_drw has 0 polygons
2025-12-26 19:34:57 +0530: Memory Usage (446788K) : flm_drw has 0 polygons
2025-12-26 19:34:57 +0530: Memory Usage (446788K) : hafniumox_drw has 0 polygons
2025-12-26 19:34:57 +0530: Memory Usage (446916K) : memvia_drw has 0 polygons
2025-12-26 19:34:57 +0530: Memory Usage (446916K) : thinfilmres_drw has 0 polygons
2025-12-26 19:34:57 +0530: Memory Usage (447044K) : rfmem_drw has 0 polygons
2025-12-26 19:34:57 +0530: Memory Usage (447044K) : norcx_drw has 0 polygons
2025-12-26 19:34:57 +0530: Memory Usage (447172K) : norcx_m2m3 has 0 polygons
2025-12-26 19:34:57 +0530: Memory Usage (447300K) : norcx_m2m4 has 0 polygons
2025-12-26 19:34:57 +0530: Memory Usage (447300K) : norcx_m2m5 has 0 polygons
2025-12-26 19:34:57 +0530: Memory Usage (447428K) : norcx_m2tm1 has 0 polygons
2025-12-26 19:34:57 +0530: Memory Usage (447428K) : norcx_m2tm2 has 0 polygons
2025-12-26 19:34:57 +0530: Memory Usage (447428K) : norcx_m3m4 has 0 polygons
2025-12-26 19:34:57 +0530: Memory Usage (447428K) : norcx_m3m5 has 0 polygons
2025-12-26 19:34:57 +0530: Memory Usage (447428K) : norcx_m3tm1 has 0 polygons
2025-12-26 19:34:57 +0530: Memory Usage (447428K) : norcx_m3tm2 has 0 polygons
2025-12-26 19:34:57 +0530: Memory Usage (447556K) : norcx_m4m5 has 0 polygons
2025-12-26 19:34:57 +0530: Memory Usage (447556K) : norcx_m4tm1 has 0 polygons
2025-12-26 19:34:57 +0530: Memory Usage (447684K) : norcx_m4tm2 has 0 polygons
2025-12-26 19:34:57 +0530: Memory Usage (447812K) : norcx_m5tm1 has 0 polygons
2025-12-26 19:34:57 +0530: Memory Usage (447812K) : norcx_m5tm2 has 0 polygons
2025-12-26 19:34:57 +0530: Memory Usage (447940K) : norcx_tm1tm2 has 0 polygons
2025-12-26 19:34:57 +0530: Memory Usage (447940K) : norcx_m1sub has 0 polygons
2025-12-26 19:34:57 +0530: Memory Usage (448068K) : norcx_m2sub has 0 polygons
2025-12-26 19:34:57 +0530: Memory Usage (448068K) : norcx_m3sub has 0 polygons
2025-12-26 19:34:57 +0530: Memory Usage (448068K) : norcx_m4sub has 0 polygons
2025-12-26 19:34:57 +0530: Memory Usage (448196K) : norcx_m5sub has 0 polygons
2025-12-26 19:34:57 +0530: Memory Usage (448196K) : norcx_tm1sub has 0 polygons
2025-12-26 19:34:57 +0530: Memory Usage (448196K) : norcx_tm2sub has 0 polygons
2025-12-26 19:34:57 +0530: Memory Usage (448324K) : snsbotvia_drw has 0 polygons
2025-12-26 19:34:57 +0530: Memory Usage (448324K) : snstopvia_drw has 0 polygons
2025-12-26 19:34:57 +0530: Memory Usage (448452K) : deepvia_drw has 0 polygons
2025-12-26 19:34:57 +0530: Memory Usage (448452K) : fgetch_drw has 0 polygons
2025-12-26 19:34:57 +0530: Memory Usage (448580K) : ctrgat_drw has 0 polygons
2025-12-26 19:34:57 +0530: Memory Usage (448580K) : fgimp_drw has 0 polygons
2025-12-26 19:34:57 +0530: Memory Usage (448708K) : emwihv_drw has 0 polygons
2025-12-26 19:34:57 +0530: Memory Usage (448708K) : lbe_drw has 0 polygons
2025-12-26 19:34:57 +0530: Memory Usage (448836K) : alcustop_drw has 0 polygons
2025-12-26 19:34:57 +0530: Memory Usage (448836K) : nometfiller_drw has 0 polygons
2025-12-26 19:34:57 +0530: Memory Usage (448964K) : prboundary_drw has 0 polygons
2025-12-26 19:34:57 +0530: Memory Usage (448964K) : exchange0_drw has 0 polygons
2025-12-26 19:34:57 +0530: Memory Usage (449092K) : exchange0_pin has 0 polygons
2025-12-26 19:34:57 +0530: Memory Usage (449092K) : exchange0_text has 0 polygons
2025-12-26 19:34:57 +0530: Memory Usage (449220K) : exchange1_drw has 0 polygons
2025-12-26 19:34:57 +0530: Memory Usage (449220K) : exchange1_pin has 0 polygons
2025-12-26 19:34:57 +0530: Memory Usage (449348K) : exchange1_text has 0 polygons
2025-12-26 19:34:57 +0530: Memory Usage (449348K) : exchange2_drw has 0 polygons
2025-12-26 19:34:57 +0530: Memory Usage (449476K) : exchange2_pin has 0 polygons
2025-12-26 19:34:57 +0530: Memory Usage (449476K) : exchange2_text has 0 polygons
2025-12-26 19:34:57 +0530: Memory Usage (449604K) : exchange3_drw has 0 polygons
2025-12-26 19:34:57 +0530: Memory Usage (449604K) : exchange3_pin has 0 polygons
2025-12-26 19:34:57 +0530: Memory Usage (449732K) : exchange3_text has 0 polygons
2025-12-26 19:34:57 +0530: Memory Usage (449732K) : exchange4_drw has 0 polygons
2025-12-26 19:34:57 +0530: Memory Usage (449860K) : exchange4_pin has 0 polygons
2025-12-26 19:34:57 +0530: Memory Usage (449860K) : exchange4_text has 0 polygons
2025-12-26 19:34:57 +0530: Memory Usage (449988K) : isonwell_drw has 0 polygons
2025-12-26 19:34:57 +0530: Memory Usage (449988K) : Total no. of polygons in the design is 397
2025-12-26 19:34:57 +0530: Memory Usage (449988K) : Loaded TECH DRC rules values from /home/ic_design_trg/pdk/ciel/ihp-sg13g2/versions/34c00bdd15efd3406ab028896d2182236aad3aa7/ihp-sg13g2/libs.tech/klayout/python/sg13g2_pycell_lib/sg13g2_tech_mod.json
2025-12-26 19:34:57 +0530: Memory Usage (449988K) : Loaded default DRC rules values from /home/ic_design_trg/pdk/ciel/ihp-sg13g2/versions/34c00bdd15efd3406ab028896d2182236aad3aa7/ihp-sg13g2/libs.tech/klayout/tech/drc/rule_decks/sg13g2_tech_default.json
2025-12-26 19:34:57 +0530: Memory Usage (449988K) : The following rules values were missing in tech json and default values were used:
2025-12-26 19:34:57 +0530: Memory Usage (449988K) :   - Cnt_c_digibnd
2025-12-26 19:34:57 +0530: Memory Usage (451140K) : Total area of the design is 48.360099999999996 um^2.
2025-12-26 19:34:57 +0530: Memory Usage (451140K) : The design dimensions are 5.620000000000001 µm * 8.605000000000004 µm.
2025-12-26 19:34:57 +0530: Memory Usage (451140K) : Starting general IHP-SG13G2 derivations.
2025-12-26 19:34:57 +0530: Memory Usage (451140K) : Starting Pwell derivations
2025-12-26 19:34:57 +0530: Memory Usage (453572K) : Starting n-Activ derivations
2025-12-26 19:34:57 +0530: Memory Usage (454084K) : Starting p-Activ derivations
2025-12-26 19:34:57 +0530: Memory Usage (454212K) : Starting ptap derivations
2025-12-26 19:34:57 +0530: Memory Usage (454340K) : Starting ntap derivations
2025-12-26 19:34:57 +0530: Memory Usage (454468K) : Starting pact FET derivations
2025-12-26 19:34:57 +0530: Memory Usage (454468K) : Starting nact FET derivations
2025-12-26 19:34:57 +0530: Memory Usage (454596K) : Starting Gate derivations
2025-12-26 19:34:57 +0530: Memory Usage (454724K) : Starting cont/contbar general derivations
2025-12-26 19:34:57 +0530: Memory Usage (454980K) : Starting pad general derivations
2025-12-26 19:34:57 +0530: Memory Usage (455364K) : Starting IHP-SG13G2 DRC connectivity related derivations.
2025-12-26 19:34:57 +0530: Memory Usage (456516K) : Starting IHP-SG13G2 DRC connectivity setup
2025-12-26 19:34:57 +0530: Memory Usage (456772K) : Starting IHP-SG13G2 DRC rules.
2025-12-26 19:34:57 +0530: Memory Usage (456772K) : Running all FEOL rules
2025-12-26 19:34:57 +0530: Memory Usage (456772K) : Running all BEOL rules
2025-12-26 19:34:57 +0530: Memory Usage (456772K) : Running all PIN rules
2025-12-26 19:34:57 +0530: Memory Usage (456772K) : Running all FORBIDDEN rules
2025-12-26 19:34:57 +0530: Memory Usage (456772K) : Starting 5.1 NWell table
2025-12-26 19:34:57 +0530: Memory Usage (456772K) : Executing rule NW.b
2025-12-26 19:34:57 +0530: Memory Usage (457412K) : Executing rule NW.b1
2025-12-26 19:34:57 +0530: Memory Usage (455084K) : Starting 5.2 PWell:block
2025-12-26 19:34:57 +0530: Memory Usage (455084K) : Executing rule PWB.e
2025-12-26 19:34:57 +0530: Memory Usage (455084K) : Executing rule PWB.e1
2025-12-26 19:34:57 +0530: Memory Usage (455084K) : Executing rule PWB.f
2025-12-26 19:34:57 +0530: Memory Usage (455084K) : Executing rule PWB.f1
2025-12-26 19:34:57 +0530: Memory Usage (455084K) : Starting 5.3 nBuLay table
2025-12-26 19:34:57 +0530: Memory Usage (455084K) : Executing rule NBL.b
2025-12-26 19:34:57 +0530: Memory Usage (455084K) : Executing rule NBL.c
2025-12-26 19:34:57 +0530: Memory Usage (455084K) : Executing rule NBL.d
2025-12-26 19:34:57 +0530: Memory Usage (455084K) : Executing rule NBL.e
2025-12-26 19:34:57 +0530: Memory Usage (455084K) : Executing rule NBL.f
2025-12-26 19:34:57 +0530: Memory Usage (455084K) : Starting 5.5. Activ table
2025-12-26 19:34:57 +0530: Memory Usage (455084K) : Executing rule Act.a
2025-12-26 19:34:57 +0530: Memory Usage (455084K) : Executing rule Act.b
2025-12-26 19:34:57 +0530: Memory Usage (455084K) : Starting 5.6 Activ:filler table
2025-12-26 19:34:57 +0530: Memory Usage (455212K) : Executing rule AFil.c1
2025-12-26 19:34:57 +0530: Memory Usage (455212K) : Executing rule AFil.c
2025-12-26 19:34:57 +0530: Memory Usage (455212K) : Executing rule AFil.d
2025-12-26 19:34:57 +0530: Memory Usage (455212K) : Executing rule AFil.e
2025-12-26 19:34:57 +0530: Memory Usage (455212K) : Executing rule AFil.j
2025-12-26 19:34:57 +0530: Memory Usage (455212K) : Starting 5.7. ThickGateOx table
2025-12-26 19:34:57 +0530: Memory Usage (455212K) : Executing rule TGO.f
2025-12-26 19:34:57 +0530: Memory Usage (455212K) : Starting 5.8. GatPoly table
2025-12-26 19:34:57 +0530: Memory Usage (455212K) : Executing rule Gat.a
2025-12-26 19:34:57 +0530: Memory Usage (455212K) : Executing rule Gat.b
2025-12-26 19:34:57 +0530: Memory Usage (455212K) : Executing rule Gat.d
2025-12-26 19:34:57 +0530: Memory Usage (455212K) : Executing rule Gat.a1
2025-12-26 19:34:57 +0530: Memory Usage (455468K) : Executing rule Gat.a2
2025-12-26 19:34:57 +0530: Memory Usage (455468K) : Executing rule Gat.g
2025-12-26 19:34:57 +0530: Memory Usage (455468K) : Starting 5.9 GatPoly:filler
2025-12-26 19:34:57 +0530: Memory Usage (455468K) : Executing rule GFil.d
2025-12-26 19:34:57 +0530: Memory Usage (455468K) : Executing rule GFil.e
2025-12-26 19:34:57 +0530: Memory Usage (455468K) : Executing rule GFil.i
2025-12-26 19:34:57 +0530: Memory Usage (455468K) : Starting 5.10 pSD table
2025-12-26 19:34:57 +0530: Memory Usage (455468K) : Executing rule pSD.c1
2025-12-26 19:34:57 +0530: Memory Usage (455468K) : Starting 5.14. Cont table
2025-12-26 19:34:57 +0530: Memory Usage (455468K) : Executing rule Cnt.a
2025-12-26 19:34:57 +0530: Memory Usage (455468K) : Executing rule Cnt.b
2025-12-26 19:34:57 +0530: Memory Usage (455596K) : Executing rule Cnt.c
2025-12-26 19:34:57 +0530: Memory Usage (455596K) : Executing rule Cnt.c
2025-12-26 19:34:57 +0530: Memory Usage (455596K) : Executing rule Cnt.d
2025-12-26 19:34:57 +0530: Memory Usage (455596K) : Executing rule Cnt.e
2025-12-26 19:34:57 +0530: Memory Usage (455596K) : Executing rule Cnt.g1
2025-12-26 19:34:57 +0530: Memory Usage (455596K) : Executing rule Cnt.g2
2025-12-26 19:34:57 +0530: Memory Usage (455596K) : Starting 5.15. ContBar table
2025-12-26 19:34:57 +0530: Memory Usage (455596K) : Executing rule CntB.b1
2025-12-26 19:34:57 +0530: Memory Usage (455596K) : Executing rule CntB.h1
2025-12-26 19:34:57 +0530: Memory Usage (455596K) : Starting 6.1.3 NPN Substrate-Tie table
2025-12-26 19:34:57 +0530: Memory Usage (455596K) : Executing rule npn13G2.bR 
2025-12-26 19:34:57 +0530: Memory Usage (455596K) : Executing rule npn13G2L.cR 
2025-12-26 19:34:57 +0530: Memory Usage (455596K) : Executing rule npn13G2V.cR 
2025-12-26 19:34:57 +0530: Memory Usage (455596K) : Starting 6.7 Schottky diode table
2025-12-26 19:34:57 +0530: Memory Usage (455596K) : Executing rule Sdiod.d
2025-12-26 19:34:57 +0530: Memory Usage (455596K) : Executing rule Sdiod.e
2025-12-26 19:34:57 +0530: Memory Usage (455596K) : Starting 7.2 Latch-up table
2025-12-26 19:34:57 +0530: Memory Usage (455596K) : Executing rule LU.b
2025-12-26 19:34:57 +0530: Memory Usage (455596K) : Starting 5.16. Metal1 table
2025-12-26 19:34:57 +0530: Memory Usage (455596K) : Executing rule M1.a
2025-12-26 19:34:57 +0530: Memory Usage (455596K) : Executing rule M1.b
2025-12-26 19:34:57 +0530: Memory Usage (455596K) : Executing rule M1.e
2025-12-26 19:34:57 +0530: Memory Usage (455596K) : Executing rule M1.f
2025-12-26 19:34:57 +0530: Memory Usage (455596K) : Executing rule M1.g
2025-12-26 19:34:57 +0530: Memory Usage (455596K) : Executing rule M1.i
2025-12-26 19:34:57 +0530: Memory Usage (455596K) : Starting 5.17 Metaln table
2025-12-26 19:34:57 +0530: Memory Usage (455596K) : Executing rule M2.a
2025-12-26 19:34:57 +0530: Memory Usage (455596K) : Executing rule M2.b
2025-12-26 19:34:57 +0530: Memory Usage (455596K) : Executing rule M2.e
2025-12-26 19:34:57 +0530: Memory Usage (455596K) : Executing rule M2.f
2025-12-26 19:34:57 +0530: Memory Usage (455596K) : Executing rule M2.g
2025-12-26 19:34:57 +0530: Memory Usage (455596K) : Executing rule M2.i
2025-12-26 19:34:57 +0530: Memory Usage (455596K) : Executing rule M3.a
2025-12-26 19:34:57 +0530: Memory Usage (455596K) : Executing rule M3.b
2025-12-26 19:34:57 +0530: Memory Usage (455596K) : Executing rule M3.e
2025-12-26 19:34:57 +0530: Memory Usage (455596K) : Executing rule M3.f
2025-12-26 19:34:58 +0530: Memory Usage (455596K) : Executing rule M3.g
2025-12-26 19:34:58 +0530: Memory Usage (455596K) : Executing rule M3.i
2025-12-26 19:34:58 +0530: Memory Usage (455596K) : Executing rule M4.a
2025-12-26 19:34:58 +0530: Memory Usage (455596K) : Executing rule M4.b
2025-12-26 19:34:58 +0530: Memory Usage (455596K) : Executing rule M4.e
2025-12-26 19:34:58 +0530: Memory Usage (455596K) : Executing rule M4.f
2025-12-26 19:34:58 +0530: Memory Usage (455596K) : Executing rule M4.g
2025-12-26 19:34:58 +0530: Memory Usage (455596K) : Executing rule M4.i
2025-12-26 19:34:58 +0530: Memory Usage (455596K) : Executing rule M5.a
2025-12-26 19:34:58 +0530: Memory Usage (455596K) : Executing rule M5.b
2025-12-26 19:34:58 +0530: Memory Usage (455596K) : Executing rule M5.e
2025-12-26 19:34:58 +0530: Memory Usage (455596K) : Executing rule M5.f
2025-12-26 19:34:58 +0530: Memory Usage (455596K) : Executing rule M5.g
2025-12-26 19:34:58 +0530: Memory Usage (455596K) : Executing rule M5.i
2025-12-26 19:34:58 +0530: Memory Usage (455596K) : Starting 5.18 Metaln:filler table
2025-12-26 19:34:58 +0530: Memory Usage (455596K) : Executing rule M1Fil.c
2025-12-26 19:34:58 +0530: Memory Usage (455596K) : Executing rule M1Fil.a2
2025-12-26 19:34:58 +0530: Memory Usage (455596K) : Executing rule M2Fil.c
2025-12-26 19:34:58 +0530: Memory Usage (455596K) : Executing rule M2Fil.a2
2025-12-26 19:34:58 +0530: Memory Usage (455596K) : Executing rule M3Fil.c
2025-12-26 19:34:58 +0530: Memory Usage (455596K) : Executing rule M3Fil.a2
2025-12-26 19:34:58 +0530: Memory Usage (455596K) : Executing rule M4Fil.c
2025-12-26 19:34:58 +0530: Memory Usage (455596K) : Executing rule M4Fil.a2
2025-12-26 19:34:58 +0530: Memory Usage (455596K) : Executing rule M5Fil.c
2025-12-26 19:34:58 +0530: Memory Usage (455596K) : Executing rule M5Fil.a2
2025-12-26 19:34:58 +0530: Memory Usage (455596K) : Starting 5.19. Via1 table
2025-12-26 19:34:58 +0530: Memory Usage (455596K) : Starting 5.19. Via1 table derivations
2025-12-26 19:34:58 +0530: Memory Usage (455596K) : Executing rule V1.a
2025-12-26 19:34:58 +0530: Memory Usage (455596K) : Executing rule V1.b
2025-12-26 19:34:58 +0530: Memory Usage (455596K) : Executing rule V1.c
2025-12-26 19:34:58 +0530: Memory Usage (455596K) : Starting 5.20. Vian table
2025-12-26 19:34:58 +0530: Memory Usage (455596K) : Executing rule V2.a
2025-12-26 19:34:58 +0530: Memory Usage (455596K) : Executing rule V2.b
2025-12-26 19:34:58 +0530: Memory Usage (455596K) : Executing rule V2.c
2025-12-26 19:34:58 +0530: Memory Usage (455596K) : Executing rule V3.a
2025-12-26 19:34:58 +0530: Memory Usage (455596K) : Executing rule V3.b
2025-12-26 19:34:58 +0530: Memory Usage (455596K) : Executing rule V3.c
2025-12-26 19:34:58 +0530: Memory Usage (455596K) : Executing rule V4.a
2025-12-26 19:34:58 +0530: Memory Usage (455596K) : Executing rule V4.b
2025-12-26 19:34:58 +0530: Memory Usage (455596K) : Executing rule V4.c
2025-12-26 19:34:58 +0530: Memory Usage (455596K) : Starting 5.21. TopVia1 table
2025-12-26 19:34:58 +0530: Memory Usage (455596K) : Executing rule TV1.a
2025-12-26 19:34:58 +0530: Memory Usage (455596K) : Executing rule TV1.b
2025-12-26 19:34:58 +0530: Memory Usage (455596K) : Executing rule TV1.c
2025-12-26 19:34:58 +0530: Memory Usage (455596K) : Executing rule TV1.d
2025-12-26 19:34:58 +0530: Memory Usage (455596K) : Starting 5.22. TopMetal1 table
2025-12-26 19:34:58 +0530: Memory Usage (455596K) : Executing rule TM1.a
2025-12-26 19:34:58 +0530: Memory Usage (455596K) : Executing rule TM1.b
2025-12-26 19:34:58 +0530: Memory Usage (455596K) : Starting 5.23 TopMetal1:filler table
2025-12-26 19:34:58 +0530: Memory Usage (455596K) : Executing rule TM1Fil.c
2025-12-26 19:34:58 +0530: Memory Usage (455596K) : Executing rule TM1Fil.a1
2025-12-26 19:34:58 +0530: Memory Usage (455596K) : Starting 5.24. TopVia2 table
2025-12-26 19:34:58 +0530: Memory Usage (455596K) : Executing rule TV2.a
2025-12-26 19:34:58 +0530: Memory Usage (455596K) : Executing rule TV2.b
2025-12-26 19:34:58 +0530: Memory Usage (455596K) : Executing rule TV2.c
2025-12-26 19:34:58 +0530: Memory Usage (455596K) : Executing rule TV2.d
2025-12-26 19:34:58 +0530: Memory Usage (455596K) : Starting 5.25. TopMetal2 table
2025-12-26 19:34:58 +0530: Memory Usage (455596K) : Executing rule TM2.a
2025-12-26 19:34:58 +0530: Memory Usage (455596K) : Executing rule TM2.b
2025-12-26 19:34:58 +0530: Memory Usage (455596K) : Executing rule TM2.bR
2025-12-26 19:34:58 +0530: Memory Usage (455596K) : Starting 5.26 TopMetal2:filler table
2025-12-26 19:34:58 +0530: Memory Usage (455596K) : Executing rule TM2Fil.c
2025-12-26 19:34:58 +0530: Memory Usage (455596K) : Executing rule TM2Fil.a1
2025-12-26 19:34:58 +0530: Memory Usage (455596K) : Starting 5.27. Passiv table
2025-12-26 19:34:58 +0530: Memory Usage (455596K) : Executing rule Pas.a
2025-12-26 19:34:58 +0530: Memory Usage (455596K) : Executing rule Pas.b
2025-12-26 19:34:58 +0530: Memory Usage (455596K) : Executing rule Pas.c
2025-12-26 19:34:58 +0530: Memory Usage (455596K) : Starting 6.9.2 Copper Pillar table
2025-12-26 19:34:58 +0530: Memory Usage (455596K) : Executing rule Padc.a
2025-12-26 19:34:58 +0530: Memory Usage (455596K) : Executing rule Padc.b
2025-12-26 19:34:58 +0530: Memory Usage (455596K) : Executing rule Padc.c
2025-12-26 19:34:58 +0530: Memory Usage (455596K) : Executing rule Padb.f
2025-12-26 19:34:58 +0530: Memory Usage (455596K) : Starting 6.9 Pad table
2025-12-26 19:34:58 +0530: Memory Usage (455596K) : Executing rule Pad.m
2025-12-26 19:34:58 +0530: Memory Usage (455596K) : Executing rule Pad.fR_M1
2025-12-26 19:34:58 +0530: Memory Usage (455596K) : Executing rule Pad.fR_M2
2025-12-26 19:34:58 +0530: Memory Usage (455596K) : Executing rule Pad.fR_M3
2025-12-26 19:34:58 +0530: Memory Usage (455596K) : Executing rule Pad.fR_M4
2025-12-26 19:34:58 +0530: Memory Usage (455596K) : Executing rule Pad.fR_M5
2025-12-26 19:34:58 +0530: Memory Usage (455596K) : Executing rule Pad.fR_TM1
2025-12-26 19:34:58 +0530: Memory Usage (455596K) : Executing rule Pad.fR_TM2
2025-12-26 19:34:58 +0530: Memory Usage (455596K) : Executing rule Pad.i
2025-12-26 19:34:58 +0530: Memory Usage (455596K) : Starting 6.9.1 Solder Bump
2025-12-26 19:34:58 +0530: Memory Usage (455596K) : Executing rule Padb.a
2025-12-26 19:34:58 +0530: Memory Usage (455596K) : Executing rule Padb.b
2025-12-26 19:34:58 +0530: Memory Usage (455596K) : Executing rule Padb.c
2025-12-26 19:34:58 +0530: Memory Usage (455596K) : Executing rule Padb.f
2025-12-26 19:34:58 +0530: Memory Usage (455596K) : Executing rule Padb.d
2025-12-26 19:34:58 +0530: Memory Usage (455596K) : Starting 6.10 Sealring table
2025-12-26 19:34:58 +0530: Memory Usage (455596K) : Executing rule Seal.l
2025-12-26 19:34:58 +0530: Memory Usage (455596K) : Executing rule Seal.n
2025-12-26 19:34:58 +0530: Memory Usage (455596K) : Executing rule seal.b_metal1
2025-12-26 19:34:58 +0530: Memory Usage (455596K) : Executing rule seal.b_metal2
2025-12-26 19:34:58 +0530: Memory Usage (455596K) : Executing rule seal.b_metal3
2025-12-26 19:34:58 +0530: Memory Usage (455596K) : Executing rule seal.b_metal4
2025-12-26 19:34:58 +0530: Memory Usage (455596K) : Executing rule seal.b_metal5
2025-12-26 19:34:58 +0530: Memory Usage (455596K) : Executing rule seal.b_topmetal1
2025-12-26 19:34:58 +0530: Memory Usage (455596K) : Executing rule seal.b_topmetal2
2025-12-26 19:34:58 +0530: Memory Usage (455596K) : Executing rule seal.b_activ
2025-12-26 19:34:58 +0530: Memory Usage (455596K) : Executing rule seal.b_psd
2025-12-26 19:34:58 +0530: Memory Usage (455596K) : Executing rule Seal.k
2025-12-26 19:34:58 +0530: Memory Usage (455596K) : Executing rule Seal.m
2025-12-26 19:34:58 +0530: Memory Usage (455596K) : Starting 6.11 MIM table
2025-12-26 19:34:58 +0530: Memory Usage (455596K) : Executing rule MIM.c
2025-12-26 19:34:58 +0530: Memory Usage (455596K) : Executing rule MIM.d
2025-12-26 19:34:58 +0530: Memory Usage (455596K) : Executing rule MIM.gR
2025-12-26 19:34:58 +0530: Memory Usage (455596K) : Starting 7.3 Metal Slits table
2025-12-26 19:34:58 +0530: Memory Usage (455596K) : Executing rule Slt.e1_M1
2025-12-26 19:34:58 +0530: Memory Usage (455596K) : Executing rule Slt.e1_M2
2025-12-26 19:34:58 +0530: Memory Usage (455596K) : Executing rule Slt.e1_M3
2025-12-26 19:34:58 +0530: Memory Usage (455596K) : Executing rule Slt.e1_M4
2025-12-26 19:34:58 +0530: Memory Usage (455596K) : Executing rule Slt.e1_M5
2025-12-26 19:34:58 +0530: Memory Usage (455596K) : Executing rule Slt.e1_TM1
2025-12-26 19:34:58 +0530: Memory Usage (455596K) : Executing rule Slt.e1_TM2
2025-12-26 19:34:58 +0530: Memory Usage (455596K) : Starting 9.1. LBE table
2025-12-26 19:34:58 +0530: Memory Usage (455596K) : Executing rule LBE.a
2025-12-26 19:34:58 +0530: Memory Usage (455596K) : Executing rule LBE.b
2025-12-26 19:34:58 +0530: Memory Usage (455596K) : Executing rule LBE.b1
2025-12-26 19:34:58 +0530: Memory Usage (455596K) : Executing rule LBE.c
2025-12-26 19:34:58 +0530: Memory Usage (455596K) : Executing rule LBE.d
2025-12-26 19:34:58 +0530: Memory Usage (455596K) : Executing rule LBE.h
2025-12-26 19:34:58 +0530: Memory Usage (455596K) : Starting 7.4. PIN table
2025-12-26 19:34:58 +0530: Memory Usage (455596K) : Executing rule Pin.a
2025-12-26 19:34:58 +0530: Memory Usage (455596K) : Executing rule Pin.b
2025-12-26 19:34:58 +0530: Memory Usage (455596K) : Executing rule Pin.e
2025-12-26 19:34:58 +0530: Memory Usage (455724K) : Executing rule Pin.f_M2
2025-12-26 19:34:58 +0530: Memory Usage (455852K) : Executing rule Pin.f_M3
2025-12-26 19:34:58 +0530: Memory Usage (455980K) : Executing rule Pin.f_M4
2025-12-26 19:34:58 +0530: Memory Usage (456236K) : Executing rule Pin.f_M5
2025-12-26 19:34:58 +0530: Memory Usage (456364K) : Executing rule Pin.g
2025-12-26 19:34:58 +0530: Memory Usage (456492K) : Executing rule Pin.h
2025-12-26 19:34:58 +0530: Memory Usage (456620K) : Starting 3.2. FORBIDDEN table
2025-12-26 19:34:58 +0530: Memory Usage (456620K) : Executing rule forbidden.biwind
2025-12-26 19:34:58 +0530: Memory Usage (456748K) : Executing rule forbidden.pemwind
2025-12-26 19:34:58 +0530: Memory Usage (456876K) : Executing rule forbidden.baspoly
2025-12-26 19:34:58 +0530: Memory Usage (456876K) : Executing rule forbidden.deepco
2025-12-26 19:34:58 +0530: Memory Usage (457004K) : Executing rule forbidden.pempoly
2025-12-26 19:34:58 +0530: Memory Usage (457004K) : Executing rule forbidden.empoly
2025-12-26 19:34:58 +0530: Memory Usage (457132K) : Executing rule forbidden.ldmos
2025-12-26 19:34:58 +0530: Memory Usage (457132K) : Executing rule forbidden.pbiwind
2025-12-26 19:34:58 +0530: Memory Usage (457260K) : Executing rule forbidden.nodrc
2025-12-26 19:34:58 +0530: Memory Usage (457388K) : Executing rule forbidden.flash
2025-12-26 19:34:58 +0530: Memory Usage (457388K) : Executing rule forbidden.colwind
2025-12-26 19:34:58 +0530: Memory Usage (457516K) : KLayout DRC run for tables 'main' completed in 1.44 seconds
